<?xml version="1.0" encoding="UTF-8"?>
<!-- Generated by org.testng.reporters.JUnitReportReporter -->
<testsuite hostname="LAPTOP-HVK1RBMU" failures="0" tests="2" name="TestClass.TC_001" time="38.001" errors="0" timestamp="2022-12-23T03:16:18 IST" skipped="0">
  <testcase classname="TestClass.TC_001" name="ValidateUserProfileName" time="20.763"/>
  <system-out>
    <![CDATA[TC ValidateUserProfileName is Completed Successfully...]]>
  </system-out>
  <testcase classname="TestClass.TC_001" name="CheckAccBalance" time="17.238"/>
  <system-out>
    <![CDATA[TC CheckAccBalance is Completed Successfully...]]>
  </system-out>
</testsuite> <!-- TestClass.TC_001 -->
