<?xml version="1.0" encoding="UTF-8"?>
<!-- Generated by org.testng.reporters.JUnitReportReporter -->
<testsuite hostname="LAPTOP-HVK1RBMU" failures="0" tests="2" name="TestClass.TC_001" time="27.499" errors="0" timestamp="2022-12-22T20:47:31 IST" skipped="0">
  <testcase classname="TestClass.TC_001" name="ValidateUserProfileName" time="17.200"/>
  <system-out>
    <![CDATA[TC ValidateUserProfileName is Completed Successfully...]]>
  </system-out>
  <testcase classname="TestClass.TC_001" name="CheckAccBalance" time="10.299"/>
  <system-out>
    <![CDATA[TC CheckAccBalance is Completed Successfully...]]>
  </system-out>
</testsuite> <!-- TestClass.TC_001 -->
