<?xml version="1.0" encoding="UTF-8"?>
<!-- Generated by org.testng.reporters.JUnitReportReporter -->
<testsuite hostname="LAPTOP-HVK1RBMU" failures="0" tests="1" name="TestClass.TestCase001" time="17.833" errors="0" timestamp="2022-12-23T03:17:32 IST" skipped="0">
  <testcase classname="TestClass.TestCase001" name="ValidateUserProfileName" time="17.833"/>
  <system-out/>
</testsuite> <!-- TestClass.TestCase001 -->
